<?xml version="1.0" encoding="UTF-8"?>
<!-- Generated by org.testng.reporters.JUnitReportReporter -->
<testsuite hostname="INW1PF1PY3M7" name="guru99.Test99GuruLogin" tests="1" failures="0" timestamp="21 Jan 2020 10:31:37 GMT" time="9.962" errors="0">
  <testcase name="test_Home_Page_Appear_Correct" time="9.962" classname="guru99.Test99GuruLogin"/>
</testsuite> <!-- guru99.Test99GuruLogin -->
